 Enter input filename (assumed to be in infiles dir)
 open infiles
 infiles/18deg_carbon_5100.inp                                                   --- opened
 open outfile
 outfiles/18deg_carbon_5100.hist                                                 --- opened
 !
 !------------------------------------------------------------------------------
 ! Input file for MC_HMS_SINGLE                                  07/13/2005
 ! EMC&x>1      18 Degrees
 ! C12 target
 !------------------------------------------------------------------------------
      5000000    Monte-Carlo trials
      5100.0     Spectrometer momentum (in MeV/c)
      18.00      Spectrometer angle (in degrees)
     -15.0       M.C. DP/P  down limit
      15.0       M.C. DP/P  up   limit
     -50.0       M.C. Theta down limit (mr)
      50.0       M.C. Theta down limit (mr)
     -100.0      M.C. Phi   down limit (mr)
      100.0      M.C. Phi   down limit (mr)
      0.01       Horiz beam spot size in cm (Full width of +/- 1 sigma)
      0.01       Vert  beam spot size in cm (Full width of +/- 1 sigma)
      0.294      Thickness of target (Full width, cm)
      0.1        Raster half-width x (cm)
      0.1        Raster half-width y (cm)
      50.0       DP/P  reconstruction cut (half width in % )
      100.0      Theta reconstruction cut (half width in mr)
      100.0      Phi   reconstruction cut (half width in mr)
      50.0       ZTGT  reconstruction cut (Half width in cm)
      18.80      one radiation length of target material (in cm)
      0.11       Beam x offset (cm)  +x = beam left
      0.0        Beam y offset (cm)  +y = up
      0.25       Target z offset (cm)+z = downstream (0.25)
      0.0        Spectrometer x offset (cm) +x = down
      0.01       Spectrometer y offset (cm)
      0.0        Spectrometer z offset (cm)
      1.1        Spectrometer xp offset (mr)
      0.0        Spectrometer yp offset (mr)
      0          particle identification :e=0, p=1, d=2, pi=3, ka=4
      1          flag for multiple scattering
      1          flag for wire chamber smearing
 event #:   5000        successes:   1347
 event #:   10000        successes:   2707
 event #:   15000        successes:   4009
 event #:   20000        successes:   5309
 event #:   25000        successes:   6640
 event #:   30000        successes:   8033
 event #:   35000        successes:   9353
 event #:   40000        successes:   10693
 event #:   45000        successes:   12007
 event #:   50000        successes:   13363
 event #:   55000        successes:   14663
 event #:   60000        successes:   15991
 event #:   65000        successes:   17278
 event #:   70000        successes:   18573
 event #:   75000        successes:   19947
 event #:   80000        successes:   21267
 event #:   85000        successes:   22608
 event #:   90000        successes:   23956
 event #:   95000        successes:   25314
 event #:   100000        successes:   26686
 event #:   105000        successes:   27984
 event #:   110000        successes:   29267
 event #:   115000        successes:   30591
 event #:   120000        successes:   31941
 event #:   125000        successes:   33272
 event #:   130000        successes:   34611
 event #:   135000        successes:   35940
 event #:   140000        successes:   37248
 event #:   145000        successes:   38623
 event #:   150000        successes:   39999
 event #:   155000        successes:   41324
 event #:   160000        successes:   42652
 event #:   165000        successes:   44012
 event #:   170000        successes:   45293
 event #:   175000        successes:   46590
 event #:   180000        successes:   47847
 event #:   185000        successes:   49158
 event #:   190000        successes:   50468
 event #:   195000        successes:   51743
 event #:   200000        successes:   53077
 event #:   205000        successes:   54398
 event #:   210000        successes:   55702
 event #:   215000        successes:   57050
 event #:   220000        successes:   58381
 event #:   225000        successes:   59698
 event #:   230000        successes:   61005
 event #:   235000        successes:   62380
 event #:   240000        successes:   63686
 event #:   245000        successes:   65020
 event #:   250000        successes:   66308
 event #:   255000        successes:   67603
 event #:   260000        successes:   68876
 event #:   265000        successes:   70245
 event #:   270000        successes:   71570
 event #:   275000        successes:   72878
 event #:   280000        successes:   74188
 event #:   285000        successes:   75455
 event #:   290000        successes:   76755
 event #:   295000        successes:   78081
 event #:   300000        successes:   79405
 event #:   305000        successes:   80753
 event #:   310000        successes:   82083
 event #:   315000        successes:   83359
 event #:   320000        successes:   84760
 event #:   325000        successes:   86125
 event #:   330000        successes:   87501
 event #:   335000        successes:   88825
 event #:   340000        successes:   90170
 event #:   345000        successes:   91571
 event #:   350000        successes:   92949
 event #:   355000        successes:   94286
 event #:   360000        successes:   95558
 event #:   365000        successes:   96898
 event #:   370000        successes:   98201
 event #:   375000        successes:   99509
 event #:   380000        successes:   100836
 event #:   385000        successes:   102171
 event #:   390000        successes:   103505
 event #:   395000        successes:   104785
 event #:   400000        successes:   106136
 event #:   405000        successes:   107481
 event #:   410000        successes:   108800
 event #:   415000        successes:   110103
 event #:   420000        successes:   111386
 event #:   425000        successes:   112747
 event #:   430000        successes:   114097
 event #:   435000        successes:   115386
 event #:   440000        successes:   116701
 event #:   445000        successes:   117999
 event #:   450000        successes:   119287
 event #:   455000        successes:   120528
 event #:   460000        successes:   121790
 event #:   465000        successes:   123089
 event #:   470000        successes:   124385
 event #:   475000        successes:   125751
 event #:   480000        successes:   127094
 event #:   485000        successes:   128432
 event #:   490000        successes:   129768
 event #:   495000        successes:   131143
 event #:   500000        successes:   132486
 event #:   505000        successes:   133788
 event #:   510000        successes:   135063
 event #:   515000        successes:   136388
 event #:   520000        successes:   137701
 event #:   525000        successes:   139044
 event #:   530000        successes:   140432
 event #:   535000        successes:   141781
 event #:   540000        successes:   143125
 event #:   545000        successes:   144411
 event #:   550000        successes:   145751
 event #:   555000        successes:   147124
 event #:   560000        successes:   148440
 event #:   565000        successes:   149783
 event #:   570000        successes:   151112
 event #:   575000        successes:   152449
 event #:   580000        successes:   153757
 event #:   585000        successes:   155074
 event #:   590000        successes:   156425
 event #:   595000        successes:   157739
 event #:   600000        successes:   159051
 event #:   605000        successes:   160326
 event #:   610000        successes:   161652
 event #:   615000        successes:   162999
 event #:   620000        successes:   164326
 event #:   625000        successes:   165669
 event #:   630000        successes:   167048
 event #:   635000        successes:   168406
 event #:   640000        successes:   169784
 event #:   645000        successes:   171077
 event #:   650000        successes:   172417
 event #:   655000        successes:   173830
 event #:   660000        successes:   175200
 event #:   665000        successes:   176508
 event #:   670000        successes:   177864
 event #:   675000        successes:   179182
 event #:   680000        successes:   180544
 event #:   685000        successes:   181803
 event #:   690000        successes:   183132
 event #:   695000        successes:   184435
 event #:   700000        successes:   185787
 event #:   705000        successes:   187100
 event #:   710000        successes:   188449
 event #:   715000        successes:   189763
 event #:   720000        successes:   191101
 event #:   725000        successes:   192433
 event #:   730000        successes:   193743
 event #:   735000        successes:   195096
 event #:   740000        successes:   196428
 event #:   745000        successes:   197763
 event #:   750000        successes:   199083
 event #:   755000        successes:   200458
 event #:   760000        successes:   201736
 event #:   765000        successes:   203035
 event #:   770000        successes:   204389
 event #:   775000        successes:   205653
 event #:   780000        successes:   206981
 event #:   785000        successes:   208315
 event #:   790000        successes:   209649
 event #:   795000        successes:   211017
 event #:   800000        successes:   212297
 event #:   805000        successes:   213614
 event #:   810000        successes:   214924
 event #:   815000        successes:   216239
 event #:   820000        successes:   217516
 event #:   825000        successes:   218808
 event #:   830000        successes:   220116
 event #:   835000        successes:   221448
 event #:   840000        successes:   222769
 event #:   845000        successes:   224127
 event #:   850000        successes:   225463
 event #:   855000        successes:   226765
 event #:   860000        successes:   228097
 event #:   865000        successes:   229462
 event #:   870000        successes:   230797
 event #:   875000        successes:   232177
 event #:   880000        successes:   233522
 event #:   885000        successes:   234882
 event #:   890000        successes:   236241
 event #:   895000        successes:   237549
 event #:   900000        successes:   238853
 event #:   905000        successes:   240192
 event #:   910000        successes:   241538
 event #:   915000        successes:   242856
 event #:   920000        successes:   244172
 event #:   925000        successes:   245465
 event #:   930000        successes:   246837
 event #:   935000        successes:   248195
 event #:   940000        successes:   249512
 event #:   945000        successes:   250880
 event #:   950000        successes:   252201
 event #:   955000        successes:   253474
 event #:   960000        successes:   254856
 event #:   965000        successes:   256182
 event #:   970000        successes:   257522
 event #:   975000        successes:   258848
 event #:   980000        successes:   260213
 event #:   985000        successes:   261544
 event #:   990000        successes:   262887
 event #:   995000        successes:   264202
 event #:   1000000        successes:   265585
 event #:   1005000        successes:   266925
 event #:   1010000        successes:   268270
 event #:   1015000        successes:   269591
 event #:   1020000        successes:   270905
 event #:   1025000        successes:   272226
 event #:   1030000        successes:   273554
 event #:   1035000        successes:   274895
 event #:   1040000        successes:   276206
 event #:   1045000        successes:   277540
 event #:   1050000        successes:   278928
 event #:   1055000        successes:   280274
 event #:   1060000        successes:   281632
 event #:   1065000        successes:   282988
 event #:   1070000        successes:   284342
 event #:   1075000        successes:   285674
 event #:   1080000        successes:   287008
 event #:   1085000        successes:   288376
 event #:   1090000        successes:   289711
 event #:   1095000        successes:   291050
 event #:   1100000        successes:   292416
 event #:   1105000        successes:   293758
 event #:   1110000        successes:   295099
 event #:   1115000        successes:   296429
 event #:   1120000        successes:   297753
 event #:   1125000        successes:   299045
 event #:   1130000        successes:   300433
 event #:   1135000        successes:   301809
 event #:   1140000        successes:   303093
 event #:   1145000        successes:   304388
 event #:   1150000        successes:   305700
 event #:   1155000        successes:   307033
 event #:   1160000        successes:   308372
 event #:   1165000        successes:   309714
 event #:   1170000        successes:   311031
 event #:   1175000        successes:   312297
 event #:   1180000        successes:   313629
 event #:   1185000        successes:   314933
 event #:   1190000        successes:   316283
 event #:   1195000        successes:   317583
 event #:   1200000        successes:   318892
 event #:   1205000        successes:   320248
 event #:   1210000        successes:   321540
 event #:   1215000        successes:   322855
 event #:   1220000        successes:   324130
 event #:   1225000        successes:   325489
 event #:   1230000        successes:   326808
 event #:   1235000        successes:   328142
 event #:   1240000        successes:   329486
 event #:   1245000        successes:   330899
 event #:   1250000        successes:   332200
 event #:   1255000        successes:   333546
 event #:   1260000        successes:   334915
 event #:   1265000        successes:   336241
 event #:   1270000        successes:   337590
 event #:   1275000        successes:   338861
 event #:   1280000        successes:   340192
 event #:   1285000        successes:   341540
 event #:   1290000        successes:   342904
 event #:   1295000        successes:   344211
 event #:   1300000        successes:   345476
 event #:   1305000        successes:   346782
 event #:   1310000        successes:   348187
 event #:   1315000        successes:   349554
 event #:   1320000        successes:   350881
 event #:   1325000        successes:   352181
 event #:   1330000        successes:   353466
 event #:   1335000        successes:   354819
 event #:   1340000        successes:   356164
 event #:   1345000        successes:   357460
 event #:   1350000        successes:   358812
 event #:   1355000        successes:   360120
 event #:   1360000        successes:   361433
 event #:   1365000        successes:   362758
 event #:   1370000        successes:   364097
 event #:   1375000        successes:   365455
 event #:   1380000        successes:   366844
 event #:   1385000        successes:   368160
 event #:   1390000        successes:   369482
 event #:   1395000        successes:   370844
 event #:   1400000        successes:   372151
 event #:   1405000        successes:   373428
 event #:   1410000        successes:   374763
 event #:   1415000        successes:   376114
 event #:   1420000        successes:   377396
 event #:   1425000        successes:   378724
 event #:   1430000        successes:   380013
 event #:   1435000        successes:   381328
 event #:   1440000        successes:   382673
 event #:   1445000        successes:   384061
 event #:   1450000        successes:   385376
 event #:   1455000        successes:   386665
 event #:   1460000        successes:   388004
 event #:   1465000        successes:   389346
 event #:   1470000        successes:   390684
 event #:   1475000        successes:   391995
 event #:   1480000        successes:   393273
 event #:   1485000        successes:   394620
 event #:   1490000        successes:   395927
 event #:   1495000        successes:   397228
 event #:   1500000        successes:   398593
 event #:   1505000        successes:   399928
 event #:   1510000        successes:   401207
 event #:   1515000        successes:   402571
 event #:   1520000        successes:   403979
 event #:   1525000        successes:   405301
 event #:   1530000        successes:   406607
 event #:   1535000        successes:   407954
 event #:   1540000        successes:   409244
 event #:   1545000        successes:   410572
 event #:   1550000        successes:   411969
 event #:   1555000        successes:   413331
 event #:   1560000        successes:   414631
 event #:   1565000        successes:   415962
 event #:   1570000        successes:   417277
 event #:   1575000        successes:   418600
 event #:   1580000        successes:   419953
 event #:   1585000        successes:   421317
 event #:   1590000        successes:   422645
 event #:   1595000        successes:   423956
 event #:   1600000        successes:   425264
 event #:   1605000        successes:   426594
 event #:   1610000        successes:   427925
 event #:   1615000        successes:   429300
 event #:   1620000        successes:   430615
 event #:   1625000        successes:   431905
 event #:   1630000        successes:   433267
 event #:   1635000        successes:   434579
 event #:   1640000        successes:   435941
 event #:   1645000        successes:   437264
 event #:   1650000        successes:   438598
 event #:   1655000        successes:   439924
 event #:   1660000        successes:   441257
 event #:   1665000        successes:   442605
 event #:   1670000        successes:   443933
 event #:   1675000        successes:   445221
 event #:   1680000        successes:   446551
 event #:   1685000        successes:   447886
 event #:   1690000        successes:   449274
 event #:   1695000        successes:   450602
 event #:   1700000        successes:   451913
 event #:   1705000        successes:   453287
 event #:   1710000        successes:   454613
 event #:   1715000        successes:   455963
 event #:   1720000        successes:   457335
 event #:   1725000        successes:   458671
 event #:   1730000        successes:   459991
 event #:   1735000        successes:   461325
 event #:   1740000        successes:   462656
 event #:   1745000        successes:   463994
 event #:   1750000        successes:   465283
 event #:   1755000        successes:   466570
 event #:   1760000        successes:   467876
 event #:   1765000        successes:   469173
 event #:   1770000        successes:   470477
 event #:   1775000        successes:   471812
 event #:   1780000        successes:   473189
 event #:   1785000        successes:   474502
 event #:   1790000        successes:   475773
 event #:   1795000        successes:   477124
 event #:   1800000        successes:   478428
 event #:   1805000        successes:   479768
 event #:   1810000        successes:   481070
 event #:   1815000        successes:   482350
 event #:   1820000        successes:   483698
 event #:   1825000        successes:   484968
 event #:   1830000        successes:   486278
 event #:   1835000        successes:   487607
 event #:   1840000        successes:   488951
 event #:   1845000        successes:   490310
 event #:   1850000        successes:   491634
 event #:   1855000        successes:   492937
 event #:   1860000        successes:   494255
 event #:   1865000        successes:   495585
 event #:   1870000        successes:   496910
 event #:   1875000        successes:   498283
 event #:   1880000        successes:   499550
 event #:   1885000        successes:   500898
 event #:   1890000        successes:   502204
 event #:   1895000        successes:   503478
 event #:   1900000        successes:   504842
 event #:   1905000        successes:   506228
 event #:   1910000        successes:   507553
 event #:   1915000        successes:   508832
 event #:   1920000        successes:   510182
 event #:   1925000        successes:   511541
 event #:   1930000        successes:   512814
 event #:   1935000        successes:   514107
 event #:   1940000        successes:   515459
 event #:   1945000        successes:   516798
 event #:   1950000        successes:   518166
 event #:   1955000        successes:   519497
 event #:   1960000        successes:   520838
 event #:   1965000        successes:   522197
 event #:   1970000        successes:   523506
 event #:   1975000        successes:   524808
 event #:   1980000        successes:   526099
 event #:   1985000        successes:   527415
 event #:   1990000        successes:   528801
 event #:   1995000        successes:   530149
 event #:   2000000        successes:   531420
 event #:   2005000        successes:   532724
 event #:   2010000        successes:   534047
 event #:   2015000        successes:   535402
 event #:   2020000        successes:   536699
 event #:   2025000        successes:   538017
 event #:   2030000        successes:   539377
 event #:   2035000        successes:   540730
 event #:   2040000        successes:   542070
 event #:   2045000        successes:   543365
 event #:   2050000        successes:   544714
 event #:   2055000        successes:   545986
 event #:   2060000        successes:   547288
 event #:   2065000        successes:   548616
 event #:   2070000        successes:   549981
 event #:   2075000        successes:   551336
 event #:   2080000        successes:   552660
 event #:   2085000        successes:   553982
 event #:   2090000        successes:   555280
 event #:   2095000        successes:   556605
 event #:   2100000        successes:   557937
 event #:   2105000        successes:   559319
 event #:   2110000        successes:   560685
 event #:   2115000        successes:   562013
 event #:   2120000        successes:   563327
 event #:   2125000        successes:   564673
 event #:   2130000        successes:   566045
 event #:   2135000        successes:   567390
 event #:   2140000        successes:   568728
 event #:   2145000        successes:   569999
 event #:   2150000        successes:   571316
 event #:   2155000        successes:   572619
 event #:   2160000        successes:   573925
 event #:   2165000        successes:   575260
 event #:   2170000        successes:   576607
 event #:   2175000        successes:   577919
 event #:   2180000        successes:   579248
 event #:   2185000        successes:   580538
 event #:   2190000        successes:   581905
 event #:   2195000        successes:   583284
 event #:   2200000        successes:   584582
 event #:   2205000        successes:   585917
 event #:   2210000        successes:   587244
 event #:   2215000        successes:   588566
 event #:   2220000        successes:   589835
 event #:   2225000        successes:   591189
 event #:   2230000        successes:   592566
 event #:   2235000        successes:   593873
 event #:   2240000        successes:   595216
 event #:   2245000        successes:   596550
 event #:   2250000        successes:   597839
 event #:   2255000        successes:   599126
 event #:   2260000        successes:   600522
 event #:   2265000        successes:   601809
 event #:   2270000        successes:   603169
 event #:   2275000        successes:   604542
 event #:   2280000        successes:   605834
 event #:   2285000        successes:   607179
 event #:   2290000        successes:   608488
 event #:   2295000        successes:   609764
 event #:   2300000        successes:   611164
 event #:   2305000        successes:   612473
 event #:   2310000        successes:   613804
 event #:   2315000        successes:   615148
 event #:   2320000        successes:   616491
 event #:   2325000        successes:   617799
 event #:   2330000        successes:   619092
 event #:   2335000        successes:   620420
 event #:   2340000        successes:   621719
 event #:   2345000        successes:   623013
 event #:   2350000        successes:   624336
 event #:   2355000        successes:   625732
 event #:   2360000        successes:   627050
 event #:   2365000        successes:   628414
 event #:   2370000        successes:   629703
 event #:   2375000        successes:   631055
 event #:   2380000        successes:   632309
 event #:   2385000        successes:   633616
 event #:   2390000        successes:   634984
 event #:   2395000        successes:   636326
 event #:   2400000        successes:   637631
 event #:   2405000        successes:   638965
 event #:   2410000        successes:   640302
 event #:   2415000        successes:   641610
 event #:   2420000        successes:   642892
 event #:   2425000        successes:   644230
 event #:   2430000        successes:   645556
 event #:   2435000        successes:   646873
 event #:   2440000        successes:   648197
 event #:   2445000        successes:   649503
 event #:   2450000        successes:   650781
 event #:   2455000        successes:   652079
 event #:   2460000        successes:   653435
 event #:   2465000        successes:   654725
 event #:   2470000        successes:   656000
 event #:   2475000        successes:   657314
 event #:   2480000        successes:   658661
 event #:   2485000        successes:   660022
 event #:   2490000        successes:   661360
 event #:   2495000        successes:   662743
 event #:   2500000        successes:   664101
 event #:   2505000        successes:   665409
 event #:   2510000        successes:   666747
 event #:   2515000        successes:   668086
 event #:   2520000        successes:   669402
 event #:   2525000        successes:   670736
 event #:   2530000        successes:   672082
 event #:   2535000        successes:   673412
 event #:   2540000        successes:   674697
 event #:   2545000        successes:   675957
 event #:   2550000        successes:   677251
 event #:   2555000        successes:   678599
 event #:   2560000        successes:   679928
 event #:   2565000        successes:   681251
 event #:   2570000        successes:   682592
 event #:   2575000        successes:   683939
 event #:   2580000        successes:   685244
 event #:   2585000        successes:   686586
 event #:   2590000        successes:   687868
 event #:   2595000        successes:   689157
 event #:   2600000        successes:   690517
 event #:   2605000        successes:   691920
 event #:   2610000        successes:   693311
 event #:   2615000        successes:   694595
 event #:   2620000        successes:   695894
 event #:   2625000        successes:   697193
 event #:   2630000        successes:   698527
 event #:   2635000        successes:   699909
 event #:   2640000        successes:   701288
 event #:   2645000        successes:   702590
 event #:   2650000        successes:   703916
 event #:   2655000        successes:   705241
 event #:   2660000        successes:   706559
 event #:   2665000        successes:   707883
 event #:   2670000        successes:   709186
 event #:   2675000        successes:   710535
 event #:   2680000        successes:   711867
 event #:   2685000        successes:   713194
 event #:   2690000        successes:   714513
 event #:   2695000        successes:   715847
 event #:   2700000        successes:   717117
 event #:   2705000        successes:   718486
 event #:   2710000        successes:   719832
 event #:   2715000        successes:   721167
 event #:   2720000        successes:   722483
 event #:   2725000        successes:   723825
 event #:   2730000        successes:   725126
 event #:   2735000        successes:   726475
 event #:   2740000        successes:   727778
 event #:   2745000        successes:   729111
 event #:   2750000        successes:   730432
 event #:   2755000        successes:   731725
 event #:   2760000        successes:   733038
 event #:   2765000        successes:   734397
 event #:   2770000        successes:   735721
 event #:   2775000        successes:   737035
 event #:   2780000        successes:   738394
 event #:   2785000        successes:   739687
 event #:   2790000        successes:   740997
 event #:   2795000        successes:   742293
 event #:   2800000        successes:   743669
 event #:   2805000        successes:   745044
 event #:   2810000        successes:   746332
 event #:   2815000        successes:   747655
 event #:   2820000        successes:   748981
 event #:   2825000        successes:   750330
 event #:   2830000        successes:   751638
 event #:   2835000        successes:   752961
 event #:   2840000        successes:   754299
 event #:   2845000        successes:   755635
 event #:   2850000        successes:   756978
 event #:   2855000        successes:   758285
 event #:   2860000        successes:   759636
 event #:   2865000        successes:   760988
 event #:   2870000        successes:   762349
 event #:   2875000        successes:   763686
 event #:   2880000        successes:   765024
 event #:   2885000        successes:   766288
 event #:   2890000        successes:   767653
 event #:   2895000        successes:   768953
 event #:   2900000        successes:   770316
 event #:   2905000        successes:   771578
 event #:   2910000        successes:   772897
 event #:   2915000        successes:   774217
 event #:   2920000        successes:   775558
 event #:   2925000        successes:   776863
 event #:   2930000        successes:   778157
 event #:   2935000        successes:   779509
 event #:   2940000        successes:   780819
 event #:   2945000        successes:   782145
 event #:   2950000        successes:   783486
 event #:   2955000        successes:   784808
 event #:   2960000        successes:   786162
 event #:   2965000        successes:   787472
 event #:   2970000        successes:   788802
 event #:   2975000        successes:   790132
 event #:   2980000        successes:   791467
 event #:   2985000        successes:   792730
 event #:   2990000        successes:   794046
 event #:   2995000        successes:   795383
 event #:   3000000        successes:   796716
 event #:   3005000        successes:   798059
 event #:   3010000        successes:   799370
 event #:   3015000        successes:   800690
 event #:   3020000        successes:   802003
 event #:   3025000        successes:   803305
 event #:   3030000        successes:   804636
 event #:   3035000        successes:   805993
 event #:   3040000        successes:   807342
 event #:   3045000        successes:   808650
 event #:   3050000        successes:   810020
 event #:   3055000        successes:   811392
 event #:   3060000        successes:   812676
 event #:   3065000        successes:   813975
 event #:   3070000        successes:   815289
 event #:   3075000        successes:   816634
 event #:   3080000        successes:   817938
 event #:   3085000        successes:   819238
 event #:   3090000        successes:   820583
 event #:   3095000        successes:   821928
 event #:   3100000        successes:   823253
 event #:   3105000        successes:   824573
 event #:   3110000        successes:   825898
 event #:   3115000        successes:   827276
 event #:   3120000        successes:   828614
 event #:   3125000        successes:   829930
 event #:   3130000        successes:   831244
 event #:   3135000        successes:   832584
 event #:   3140000        successes:   833922
 event #:   3145000        successes:   835246
 event #:   3150000        successes:   836612
 event #:   3155000        successes:   837959
 event #:   3160000        successes:   839265
 event #:   3165000        successes:   840591
 event #:   3170000        successes:   841925
 event #:   3175000        successes:   843290
 event #:   3180000        successes:   844650
 event #:   3185000        successes:   845918
 event #:   3190000        successes:   847238
 event #:   3195000        successes:   848567
 event #:   3200000        successes:   849908
 event #:   3205000        successes:   851250
 event #:   3210000        successes:   852619
 event #:   3215000        successes:   853895
 event #:   3220000        successes:   855216
 event #:   3225000        successes:   856500
 event #:   3230000        successes:   857812
 event #:   3235000        successes:   859135
 event #:   3240000        successes:   860412
 event #:   3245000        successes:   861684
 event #:   3250000        successes:   862980
 event #:   3255000        successes:   864234
 event #:   3260000        successes:   865618
 event #:   3265000        successes:   866984
 event #:   3270000        successes:   868359
 event #:   3275000        successes:   869713
 event #:   3280000        successes:   870976
 event #:   3285000        successes:   872274
 event #:   3290000        successes:   873585
 event #:   3295000        successes:   874879
 event #:   3300000        successes:   876165
 event #:   3305000        successes:   877446
 event #:   3310000        successes:   878765
 event #:   3315000        successes:   880103
 event #:   3320000        successes:   881399
 event #:   3325000        successes:   882731
 event #:   3330000        successes:   884050
 event #:   3335000        successes:   885380
 event #:   3340000        successes:   886740
 event #:   3345000        successes:   888113
 event #:   3350000        successes:   889414
 event #:   3355000        successes:   890731
 event #:   3360000        successes:   892073
 event #:   3365000        successes:   893380
 event #:   3370000        successes:   894691
 event #:   3375000        successes:   895990
 event #:   3380000        successes:   897318
 event #:   3385000        successes:   898604
 event #:   3390000        successes:   899936
 event #:   3395000        successes:   901292
 event #:   3400000        successes:   902616
 event #:   3405000        successes:   903890
 event #:   3410000        successes:   905235
 event #:   3415000        successes:   906571
 event #:   3420000        successes:   907855
 event #:   3425000        successes:   909159
 event #:   3430000        successes:   910468
 event #:   3435000        successes:   911823
 event #:   3440000        successes:   913179
 event #:   3445000        successes:   914534
 event #:   3450000        successes:   915855
 event #:   3455000        successes:   917161
 event #:   3460000        successes:   918505
 event #:   3465000        successes:   919803
 event #:   3470000        successes:   921111
 event #:   3475000        successes:   922455
 event #:   3480000        successes:   923751
 event #:   3485000        successes:   925156
 event #:   3490000        successes:   926538
 event #:   3495000        successes:   927830
 event #:   3500000        successes:   929148
 event #:   3505000        successes:   930477
 event #:   3510000        successes:   931807
 event #:   3515000        successes:   933148
 event #:   3520000        successes:   934477
 event #:   3525000        successes:   935797
 event #:   3530000        successes:   937136
 event #:   3535000        successes:   938466
 event #:   3540000        successes:   939777
 event #:   3545000        successes:   941071
 event #:   3550000        successes:   942460
 event #:   3555000        successes:   943813
 event #:   3560000        successes:   945145
 event #:   3565000        successes:   946478
 event #:   3570000        successes:   947774
 event #:   3575000        successes:   949101
 event #:   3580000        successes:   950392
 event #:   3585000        successes:   951741
 event #:   3590000        successes:   953092
 event #:   3595000        successes:   954445
 event #:   3600000        successes:   955740
 event #:   3605000        successes:   957058
 event #:   3610000        successes:   958401
 event #:   3615000        successes:   959694
 event #:   3620000        successes:   961047
 event #:   3625000        successes:   962369
 event #:   3630000        successes:   963713
 event #:   3635000        successes:   965061
 event #:   3640000        successes:   966403
 event #:   3645000        successes:   967721
 event #:   3650000        successes:   969077
 event #:   3655000        successes:   970438
 event #:   3660000        successes:   971787
 event #:   3665000        successes:   973095
 event #:   3670000        successes:   974381
 event #:   3675000        successes:   975728
 event #:   3680000        successes:   977013
 event #:   3685000        successes:   978366
 event #:   3690000        successes:   979728
 event #:   3695000        successes:   981075
 event #:   3700000        successes:   982418
 event #:   3705000        successes:   983737
 event #:   3710000        successes:   985052
 event #:   3715000        successes:   986432
 event #:   3720000        successes:   987726
 event #:   3725000        successes:   989033
 event #:   3730000        successes:   990336
 event #:   3735000        successes:   991603
 event #:   3740000        successes:   992958
 event #:   3745000        successes:   994259
 event #:   3750000        successes:   995527
 event #:   3755000        successes:   996879
 event #:   3760000        successes:   998178
 event #:   3765000        successes:   999484
 event #:   3770000        successes:   1000846
 event #:   3775000        successes:   1002209
 event #:   3780000        successes:   1003515
 event #:   3785000        successes:   1004866
 event #:   3790000        successes:   1006170
 event #:   3795000        successes:   1007559
 event #:   3800000        successes:   1008869
 event #:   3805000        successes:   1010222
 event #:   3810000        successes:   1011568
 event #:   3815000        successes:   1012924
 event #:   3820000        successes:   1014285
 event #:   3825000        successes:   1015631
 event #:   3830000        successes:   1016975
 event #:   3835000        successes:   1018296
 event #:   3840000        successes:   1019643
 event #:   3845000        successes:   1020974
 event #:   3850000        successes:   1022326
 event #:   3855000        successes:   1023683
 event #:   3860000        successes:   1025054
 event #:   3865000        successes:   1026428
 event #:   3870000        successes:   1027791
 event #:   3875000        successes:   1029129
 event #:   3880000        successes:   1030460
 event #:   3885000        successes:   1031777
 event #:   3890000        successes:   1033106
 event #:   3895000        successes:   1034398
 event #:   3900000        successes:   1035725
 event #:   3905000        successes:   1037074
 event #:   3910000        successes:   1038420
 event #:   3915000        successes:   1039728
 event #:   3920000        successes:   1041081
 event #:   3925000        successes:   1042434
 event #:   3930000        successes:   1043735
 event #:   3935000        successes:   1045046
 event #:   3940000        successes:   1046369
 event #:   3945000        successes:   1047694
 event #:   3950000        successes:   1049060
 event #:   3955000        successes:   1050319
 event #:   3960000        successes:   1051632
 event #:   3965000        successes:   1052937
 event #:   3970000        successes:   1054279
 event #:   3975000        successes:   1055622
 event #:   3980000        successes:   1056972
 event #:   3985000        successes:   1058279
 event #:   3990000        successes:   1059639
 event #:   3995000        successes:   1060967
 event #:   4000000        successes:   1062220
 event #:   4005000        successes:   1063511
 event #:   4010000        successes:   1064881
 event #:   4015000        successes:   1066187
 event #:   4020000        successes:   1067523
 event #:   4025000        successes:   1068880
 event #:   4030000        successes:   1070173
 event #:   4035000        successes:   1071484
 event #:   4040000        successes:   1072826
 event #:   4045000        successes:   1074148
 event #:   4050000        successes:   1075448
 event #:   4055000        successes:   1076758
 event #:   4060000        successes:   1078149
 event #:   4065000        successes:   1079442
 event #:   4070000        successes:   1080758
 event #:   4075000        successes:   1082057
 event #:   4080000        successes:   1083389
 event #:   4085000        successes:   1084693
 event #:   4090000        successes:   1086028
 event #:   4095000        successes:   1087346
 event #:   4100000        successes:   1088668
 event #:   4105000        successes:   1089958
 event #:   4110000        successes:   1091283
 event #:   4115000        successes:   1092666
 event #:   4120000        successes:   1093965
 event #:   4125000        successes:   1095252
 event #:   4130000        successes:   1096606
 event #:   4135000        successes:   1097970
 event #:   4140000        successes:   1099340
 event #:   4145000        successes:   1100700
 event #:   4150000        successes:   1102069
 event #:   4155000        successes:   1103383
 event #:   4160000        successes:   1104816
 event #:   4165000        successes:   1106143
 event #:   4170000        successes:   1107457
 event #:   4175000        successes:   1108754
 event #:   4180000        successes:   1110023
 event #:   4185000        successes:   1111371
 event #:   4190000        successes:   1112688
 event #:   4195000        successes:   1113971
 event #:   4200000        successes:   1115317
 event #:   4205000        successes:   1116644
 event #:   4210000        successes:   1117977
 event #:   4215000        successes:   1119278
 event #:   4220000        successes:   1120599
 event #:   4225000        successes:   1121936
 event #:   4230000        successes:   1123234
 event #:   4235000        successes:   1124542
 event #:   4240000        successes:   1125884
 event #:   4245000        successes:   1127222
 event #:   4250000        successes:   1128566
 event #:   4255000        successes:   1129893
 event #:   4260000        successes:   1131249
 event #:   4265000        successes:   1132523
 event #:   4270000        successes:   1133819
 event #:   4275000        successes:   1135134
 event #:   4280000        successes:   1136462
 event #:   4285000        successes:   1137741
 event #:   4290000        successes:   1139034
 event #:   4295000        successes:   1140357
 event #:   4300000        successes:   1141691
 event #:   4305000        successes:   1142992
 event #:   4310000        successes:   1144308
 event #:   4315000        successes:   1145629
 event #:   4320000        successes:   1146939
 event #:   4325000        successes:   1148256
 event #:   4330000        successes:   1149565
 event #:   4335000        successes:   1150859
 event #:   4340000        successes:   1152186
 event #:   4345000        successes:   1153514
 event #:   4350000        successes:   1154818
 event #:   4355000        successes:   1156143
 event #:   4360000        successes:   1157450
 event #:   4365000        successes:   1158822
 event #:   4370000        successes:   1160135
 event #:   4375000        successes:   1161440
 event #:   4380000        successes:   1162748
 event #:   4385000        successes:   1164127
 event #:   4390000        successes:   1165462
 event #:   4395000        successes:   1166803
 event #:   4400000        successes:   1168139
 event #:   4405000        successes:   1169470
 event #:   4410000        successes:   1170760
 event #:   4415000        successes:   1172060
 event #:   4420000        successes:   1173401
 event #:   4425000        successes:   1174768
 event #:   4430000        successes:   1176086
 event #:   4435000        successes:   1177423
 event #:   4440000        successes:   1178811
 event #:   4445000        successes:   1180150
 event #:   4450000        successes:   1181548
 event #:   4455000        successes:   1182898
 event #:   4460000        successes:   1184213
 event #:   4465000        successes:   1185560
 event #:   4470000        successes:   1186851
 event #:   4475000        successes:   1188167
 event #:   4480000        successes:   1189502
 event #:   4485000        successes:   1190828
 event #:   4490000        successes:   1192139
 event #:   4495000        successes:   1193486
 event #:   4500000        successes:   1194825
 event #:   4505000        successes:   1196085
 event #:   4510000        successes:   1197406
 event #:   4515000        successes:   1198754
 event #:   4520000        successes:   1200110
 event #:   4525000        successes:   1201488
 event #:   4530000        successes:   1202812
 event #:   4535000        successes:   1204174
 event #:   4540000        successes:   1205564
 event #:   4545000        successes:   1206908
 event #:   4550000        successes:   1208237
 event #:   4555000        successes:   1209558
 event #:   4560000        successes:   1210902
 event #:   4565000        successes:   1212179
 event #:   4570000        successes:   1213501
 event #:   4575000        successes:   1214929
 event #:   4580000        successes:   1216291
 event #:   4585000        successes:   1217577
 event #:   4590000        successes:   1218937
 event #:   4595000        successes:   1220296
 event #:   4600000        successes:   1221647
 event #:   4605000        successes:   1222935
 event #:   4610000        successes:   1224262
 event #:   4615000        successes:   1225584
 event #:   4620000        successes:   1226896
 event #:   4625000        successes:   1228209
 event #:   4630000        successes:   1229522
 event #:   4635000        successes:   1230846
 event #:   4640000        successes:   1232141
 event #:   4645000        successes:   1233409
 event #:   4650000        successes:   1234755
 event #:   4655000        successes:   1236100
 event #:   4660000        successes:   1237437
 event #:   4665000        successes:   1238735
 event #:   4670000        successes:   1240086
 event #:   4675000        successes:   1241459
 event #:   4680000        successes:   1242856
 event #:   4685000        successes:   1244206
 event #:   4690000        successes:   1245485
 event #:   4695000        successes:   1246859
 event #:   4700000        successes:   1248237
 event #:   4705000        successes:   1249549
 event #:   4710000        successes:   1250881
 event #:   4715000        successes:   1252150
 event #:   4720000        successes:   1253497
 event #:   4725000        successes:   1254783
 event #:   4730000        successes:   1256105
 event #:   4735000        successes:   1257436
 event #:   4740000        successes:   1258759
 event #:   4745000        successes:   1260057
 event #:   4750000        successes:   1261413
 event #:   4755000        successes:   1262736
 event #:   4760000        successes:   1264127
 event #:   4765000        successes:   1265466
 event #:   4770000        successes:   1266760
 event #:   4775000        successes:   1268093
 event #:   4780000        successes:   1269421
 event #:   4785000        successes:   1270756
 event #:   4790000        successes:   1272098
 event #:   4795000        successes:   1273406
 event #:   4800000        successes:   1274720
 event #:   4805000        successes:   1276030
 event #:   4810000        successes:   1277356
 event #:   4815000        successes:   1278736
 event #:   4820000        successes:   1280053
 event #:   4825000        successes:   1281388
 event #:   4830000        successes:   1282762
 event #:   4835000        successes:   1284023
 event #:   4840000        successes:   1285362
 event #:   4845000        successes:   1286739
 event #:   4850000        successes:   1288113
 event #:   4855000        successes:   1289407
 event #:   4860000        successes:   1290711
 event #:   4865000        successes:   1292036
 event #:   4870000        successes:   1293416
 event #:   4875000        successes:   1294778
 event #:   4880000        successes:   1296109
 event #:   4885000        successes:   1297499
 event #:   4890000        successes:   1298850
 event #:   4895000        successes:   1300149
 event #:   4900000        successes:   1301505
 event #:   4905000        successes:   1302873
 event #:   4910000        successes:   1304161
 event #:   4915000        successes:   1305491
 event #:   4920000        successes:   1306819
 event #:   4925000        successes:   1308177
 event #:   4930000        successes:   1309524
 event #:   4935000        successes:   1310847
 event #:   4940000        successes:   1312156
 event #:   4945000        successes:   1313517
 event #:   4950000        successes:   1314853
 event #:   4955000        successes:   1316177
 event #:   4960000        successes:   1317464
 event #:   4965000        successes:   1318753
 event #:   4970000        successes:   1320083
 event #:   4975000        successes:   1321460
 event #:   4980000        successes:   1322830
 event #:   4985000        successes:   1324210
 event #:   4990000        successes:   1325482
 event #:   4995000        successes:   1326755
 event #:   5000000        successes:   1328104
 Elapsed time =   36837.0000000000  seconds
  
   5000000  Trials  1328105  Successes
DPP ave error, resolution =    -0.33949917E-02    0.85133932E-01 %
DTH ave error, resolution =     0.10570448E-01     1.4348230     mr
DPH ave error, resolution =    -0.42566768E-01     2.3524662     mr
ZTG ave error, resolution =    -0.24993926        0.84884451E-01 cm
  
